<?xml version="1.0" encoding="UTF-8"?>
<testng-results ignored="0" total="1" passed="1" failed="0" skipped="0">
  <reporter-output>
  </reporter-output>
  <suite started-at="2025-05-29T02:41:53 EET" name="Default suite" finished-at="2025-05-29T02:41:57 EET" duration-ms="3908">
    <groups>
    </groups>
    <test started-at="2025-05-29T02:41:53 EET" name="Default test" finished-at="2025-05-29T02:41:57 EET" duration-ms="3908">
      <class name="tests.HomePageTest">
        <test-method is-config="true" signature="setUp()[pri:0, instance:tests.HomePageTest@2ab4bc72]" started-at="2025-05-29T02:41:53 EET" name="setUp" finished-at="2025-05-29T02:41:56 EET" duration-ms="2851" status="PASS">
          <reporter-output>
          </reporter-output>
        </test-method> <!-- setUp -->
        <test-method signature="positiveAddToCartScenario()[pri:0, instance:tests.HomePageTest@2ab4bc72]" started-at="2025-05-29T02:41:56 EET" name="positiveAddToCartScenario" description="Positive add to cart test" finished-at="2025-05-29T02:41:57 EET" duration-ms="922" status="PASS">
          <reporter-output>
          </reporter-output>
        </test-method> <!-- positiveAddToCartScenario -->
        <test-method is-config="true" signature="terminate()[pri:0, instance:tests.HomePageTest@2ab4bc72]" started-at="2025-05-29T02:41:57 EET" name="terminate" finished-at="2025-05-29T02:41:57 EET" duration-ms="0" status="PASS">
          <reporter-output>
          </reporter-output>
        </test-method> <!-- terminate -->
      </class> <!-- tests.HomePageTest -->
    </test> <!-- Default test -->
  </suite> <!-- Default suite -->
</testng-results>
